<?xml version="1.0" encoding="UTF-8"?>
<!-- Generated by org.testng.reporters.JUnitReportReporter -->
<testsuite hostname="Shubham" failures="0" tests="2" name="tests.AdminTest" time="8.858" errors="0" timestamp="2025-07-26T00:34:53 IST" skipped="0">
  <testcase classname="tests.AdminTest" name="login" time="3.789"/>
  <testcase classname="tests.AdminTest" name="AdminSettings" time="5.069"/>
</testsuite> <!-- tests.AdminTest -->
