<?xml version="1.0" encoding="UTF-8"?>
<!-- Generated by org.testng.reporters.JUnitReportReporter -->
<testsuite hostname="Shubham" failures="0" tests="1" name="tests.LoginTest" time="4.937" errors="0" timestamp="2025-07-25T22:52:46 IST" skipped="0">
  <testcase classname="tests.LoginTest" name="loginWithValidCredentials" time="4.937"/>
</testsuite> <!-- tests.LoginTest -->
